TN:
SF:eslint.config.js
FN:1,(empty-report)
FNF:1
FNH:0
FNDA:0,(empty-report)
DA:1,0
DA:2,0
DA:3,0
DA:4,0
DA:5,0
DA:7,0
DA:8,0
DA:9,0
DA:10,0
DA:11,0
DA:12,0
DA:13,0
DA:14,0
DA:15,0
DA:16,0
DA:17,0
DA:18,0
DA:19,0
DA:20,0
DA:21,0
DA:22,0
DA:23,0
DA:24,0
DA:25,0
DA:26,0
DA:27,0
DA:28,0
LF:27
LH:0
BRDA:1,0,0,0
BRF:1
BRH:0
end_of_record
TN:
SF:tailwind.config.js
FN:1,(empty-report)
FNF:1
FNH:0
FNDA:0,(empty-report)
DA:1,0
DA:2,0
DA:3,0
DA:4,0
DA:5,0
DA:6,0
DA:7,0
DA:8,0
LF:8
LH:0
BRDA:1,0,0,0
BRF:1
BRH:0
end_of_record
TN:
SF:vite.config.ts
FN:1,(empty-report)
FNF:1
FNH:0
FNDA:0,(empty-report)
DA:1,0
DA:2,0
DA:3,0
DA:6,0
DA:7,0
DA:8,0
DA:9,0
DA:10,0
DA:11,0
DA:12,0
DA:13,0
DA:14,0
DA:15,0
DA:16,0
DA:17,0
DA:18,0
LF:16
LH:0
BRDA:1,0,0,0
BRF:1
BRH:0
end_of_record
TN:
SF:src/App.tsx
FN:1,(empty-report)
FNF:1
FNH:0
FNDA:0,(empty-report)
DA:1,0
DA:2,0
DA:3,0
DA:5,0
DA:6,0
DA:7,0
DA:8,0
DA:9,0
DA:10,0
DA:11,0
DA:13,0
LF:11
LH:0
BRDA:1,0,0,0
BRF:1
BRH:0
end_of_record
TN:
SF:src/main.tsx
FN:1,(empty-report)
FNF:1
FNH:0
FNDA:0,(empty-report)
DA:1,0
DA:2,0
DA:3,0
DA:4,0
DA:6,0
DA:7,0
DA:8,0
DA:9,0
DA:10,0
LF:9
LH:0
BRDA:1,0,0,0
BRF:1
BRH:0
end_of_record
TN:
SF:src/types.ts
FNF:0
FNH:0
DA:9,1
DA:10,1
DA:11,1
DA:12,1
LF:4
LH:4
BRDA:9,0,0,2
BRF:1
BRH:1
end_of_record
TN:
SF:src/vite-env.d.ts
FN:1,(empty-report)
FNF:1
FNH:1
FNDA:1,(empty-report)
LF:0
LH:0
BRDA:1,0,0,1
BRF:1
BRH:1
end_of_record
TN:
SF:src/__tests__/TestTaskProvider.tsx
FN:22,TestTaskProvider
FN:25,deleteTask
FN:29,toggleTask
FN:43,setFilter
FN:44,addTask
FN:48,onSetSortBy
FNF:6
FNH:3
FNDA:5,TestTaskProvider
FNDA:1,deleteTask
FNDA:1,toggleTask
FNDA:0,setFilter
FNDA:0,addTask
FNDA:0,onSetSortBy
DA:1,1
DA:2,1
DA:3,1
DA:5,1
DA:6,1
DA:7,1
DA:8,1
DA:9,1
DA:10,1
DA:11,1
DA:12,1
DA:13,1
DA:14,1
DA:15,1
DA:16,1
DA:17,1
DA:18,1
DA:19,1
DA:20,1
DA:22,1
DA:23,5
DA:25,5
DA:26,1
DA:27,1
DA:29,5
DA:30,1
DA:31,1
DA:32,2
DA:33,1
DA:34,1
DA:35,1
DA:37,5
DA:38,5
DA:39,5
DA:40,5
DA:41,5
DA:42,5
DA:43,5
DA:44,5
DA:45,5
DA:46,5
DA:47,5
DA:48,5
DA:49,5
DA:51,5
DA:52,5
DA:54,5
LF:47
LH:47
BRDA:22,0,0,5
BRDA:25,1,0,1
BRDA:26,2,0,2
BRDA:29,3,0,1
BRDA:31,4,0,2
BRDA:32,5,0,1
BRDA:32,6,0,1
BRF:7
BRH:7
end_of_record
TN:
SF:src/components/Header.tsx
FN:1,(empty-report)
FNF:1
FNH:0
FNDA:0,(empty-report)
DA:1,0
DA:2,0
DA:3,0
DA:5,0
DA:6,0
DA:7,0
DA:9,0
DA:10,0
DA:11,0
DA:12,0
DA:13,0
DA:14,0
DA:15,0
DA:16,0
DA:17,0
DA:19,0
DA:21,0
DA:23,0
DA:25,0
DA:26,0
DA:28,0
LF:21
LH:0
BRDA:1,0,0,0
BRF:1
BRH:0
end_of_record
TN:
SF:src/components/LoginForm.tsx
FN:1,(empty-report)
FNF:1
FNH:0
FNDA:0,(empty-report)
DA:1,0
DA:2,0
DA:3,0
DA:4,0
DA:5,0
DA:6,0
DA:8,0
DA:9,0
DA:10,0
DA:11,0
DA:15,0
DA:16,0
DA:18,0
DA:19,0
DA:20,0
DA:21,0
DA:22,0
DA:23,0
DA:24,0
DA:26,0
DA:27,0
DA:28,0
DA:29,0
DA:30,0
DA:31,0
DA:32,0
DA:33,0
DA:34,0
DA:35,0
DA:36,0
DA:37,0
DA:38,0
DA:40,0
DA:42,0
DA:43,0
DA:44,0
DA:45,0
DA:46,0
DA:47,0
DA:48,0
DA:49,0
DA:50,0
DA:51,0
DA:52,0
DA:54,0
DA:56,0
DA:57,0
DA:58,0
DA:59,0
DA:60,0
DA:62,0
DA:63,0
DA:64,0
DA:65,0
DA:66,0
DA:67,0
DA:68,0
DA:69,0
DA:70,0
DA:72,0
DA:73,0
DA:74,0
DA:75,0
DA:77,0
LF:64
LH:0
BRDA:1,0,0,0
BRF:1
BRH:0
end_of_record
TN:
SF:src/components/SortableItem.tsx
FN:16,SortableItem
FN:29,confirmDelete
FN:34,cancelDelete
FN:58,onChange
FN:85,onClick
FNF:5
FNH:4
FNDA:11,SortableItem
FNDA:1,confirmDelete
FNDA:0,cancelDelete
FNDA:1,onChange
FNDA:1,onClick
DA:1,1
DA:2,1
DA:3,1
DA:4,1
DA:5,1
DA:7,1
DA:8,1
DA:9,1
DA:10,1
DA:16,11
DA:17,11
DA:18,11
DA:19,11
DA:20,11
DA:21,11
DA:22,11
DA:23,11
DA:24,11
DA:26,11
DA:27,11
DA:29,11
DA:30,1
DA:31,1
DA:32,1
DA:34,11
DA:35,0
DA:36,0
DA:38,11
DA:39,11
DA:40,11
DA:41,11
DA:43,11
DA:44,11
DA:45,11
DA:46,11
DA:47,11
DA:48,11
DA:49,11
DA:51,11
DA:52,11
DA:53,11
DA:54,11
DA:55,11
DA:56,11
DA:57,11
DA:58,11
DA:59,11
DA:60,11
DA:61,11
DA:62,11
DA:63,11
DA:64,11
DA:65,7
DA:66,4
DA:67,11
DA:69,11
DA:70,11
DA:71,11
DA:73,11
DA:74,11
DA:75,11
DA:76,11
DA:77,11
DA:79,11
DA:80,11
DA:82,11
DA:83,11
DA:84,11
DA:85,11
DA:86,1
DA:87,1
DA:88,1
DA:89,11
DA:90,11
DA:92,11
DA:93,11
DA:94,11
DA:95,11
DA:96,11
DA:97,11
DA:98,11
DA:99,11
DA:101,11
DA:102,11
DA:103,11
DA:104,11
DA:106,11
DA:107,11
DA:108,11
DA:109,11
DA:110,11
DA:111,11
DA:112,11
DA:113,11
DA:115,11
LF:95
LH:93
BRDA:16,0,0,11
BRDA:64,1,0,7
BRDA:65,2,0,4
BRDA:29,3,0,1
BRDA:58,4,0,1
BRDA:85,5,0,1
BRF:6
BRH:6
end_of_record
TN:
SF:src/components/TaskFilter.tsx
FN:1,(empty-report)
FNF:1
FNH:0
FNDA:0,(empty-report)
DA:1,0
DA:2,0
DA:4,0
DA:6,0
DA:7,0
DA:9,0
DA:10,0
DA:12,0
DA:13,0
DA:14,0
DA:15,0
DA:16,0
DA:17,0
DA:18,0
DA:19,0
DA:20,0
DA:21,0
DA:23,0
DA:24,0
DA:25,0
DA:27,0
DA:28,0
DA:29,0
DA:30,0
DA:31,0
DA:32,0
DA:34,0
DA:36,0
DA:37,0
DA:39,0
DA:41,0
DA:42,0
DA:43,0
DA:44,0
DA:46,0
LF:35
LH:0
BRDA:1,0,0,0
BRF:1
BRH:0
end_of_record
TN:
SF:src/components/TaskInput.tsx
FN:8,TaskInput
FN:13,handleSubmit
FN:28,onChange
FNF:3
FNH:3
FNDA:3,TaskInput
FNDA:1,handleSubmit
FNDA:1,onChange
DA:1,1
DA:2,1
DA:3,1
DA:4,1
DA:5,1
DA:6,1
DA:8,3
DA:9,3
DA:10,3
DA:11,3
DA:13,3
DA:14,1
DA:16,1
DA:18,1
DA:19,1
DA:20,1
DA:21,1
DA:23,3
DA:24,3
DA:25,3
DA:26,3
DA:27,3
DA:28,3
DA:29,3
DA:30,3
DA:31,3
DA:33,3
DA:35,3
DA:36,3
DA:37,3
DA:38,3
DA:40,3
LF:32
LH:32
BRDA:8,0,0,3
BRDA:13,1,0,1
BRDA:16,2,0,0
BRDA:28,3,0,1
BRF:4
BRH:3
end_of_record
TN:
SF:src/components/TaskList.tsx
FN:19,TaskList
FN:22,handleDragEnd
FNF:2
FNH:1
FNDA:5,TaskList
FNDA:0,handleDragEnd
DA:1,1
DA:10,1
DA:15,1
DA:16,1
DA:17,1
DA:19,5
DA:20,5
DA:22,5
DA:23,0
DA:24,0
DA:26,0
DA:27,0
DA:28,0
DA:30,5
DA:31,5
DA:32,5
DA:33,5
DA:34,5
DA:35,5
DA:36,5
DA:37,5
DA:38,5
DA:39,5
DA:40,5
DA:42,5
DA:43,5
DA:44,5
DA:46,5
DA:47,5
DA:48,9
DA:49,9
DA:50,9
DA:51,9
DA:52,9
DA:53,9
DA:54,9
DA:55,9
DA:56,9
DA:57,5
DA:58,5
DA:59,5
DA:60,5
DA:61,5
DA:63,5
LF:44
LH:39
BRDA:19,0,0,5
BRDA:47,1,0,9
BRF:2
BRH:2
end_of_record
TN:
SF:src/components/modals/ConfirmModal.tsx
FN:11,ConfirmModal
FNF:1
FNH:1
FNDA:11,ConfirmModal
DA:1,1
DA:11,11
DA:12,11
DA:13,11
DA:14,11
DA:15,11
DA:16,11
DA:17,11
DA:18,11
DA:20,1
DA:21,1
DA:22,1
DA:23,1
DA:24,1
DA:25,1
DA:26,1
DA:27,1
DA:28,1
DA:29,1
DA:30,1
DA:31,1
DA:33,1
DA:34,1
DA:35,1
DA:36,1
DA:38,1
LF:26
LH:26
BRDA:11,0,0,11
BRDA:18,1,0,10
BRDA:18,2,0,1
BRF:3
BRH:3
end_of_record
TN:
SF:src/components/modals/SignInModal.tsx
FN:1,(empty-report)
FNF:1
FNH:0
FNDA:0,(empty-report)
DA:1,0
DA:7,0
DA:8,0
DA:10,0
DA:11,0
DA:12,0
DA:13,0
DA:15,0
DA:16,0
DA:17,0
DA:19,0
LF:11
LH:0
BRDA:1,0,0,0
BRF:1
BRH:0
end_of_record
TN:
SF:src/components/ui/Button.tsx
FN:7,Button
FN:15,onClick
FNF:2
FNH:2
FNDA:17,Button
FNDA:4,onClick
DA:7,17
DA:8,17
DA:9,17
DA:10,17
DA:11,17
DA:12,17
DA:13,17
DA:14,17
DA:15,17
DA:16,17
DA:17,17
DA:19,17
DA:20,17
DA:22,17
LF:14
LH:14
BRDA:7,0,0,17
BRDA:15,1,0,4
BRDA:15,2,0,3
BRF:3
BRH:3
end_of_record
TN:
SF:src/components/ui/DatePickerInput.tsx
FN:11,DatePickerInput
FN:18,onChange
FNF:2
FNH:1
FNDA:3,DatePickerInput
FNDA:0,onChange
DA:1,1
DA:2,1
DA:4,1
DA:11,3
DA:12,3
DA:13,3
DA:14,3
DA:15,3
DA:16,3
DA:17,3
DA:18,3
DA:19,0
DA:20,0
DA:21,0
DA:22,0
DA:23,0
DA:24,0
DA:25,3
DA:26,3
DA:27,3
DA:28,3
DA:29,3
DA:31,3
LF:23
LH:17
BRDA:11,0,0,3
BRDA:17,1,0,0
BRF:2
BRH:1
end_of_record
TN:
SF:src/components/ui/Input.tsx
FN:9,Input
FNF:1
FNH:1
FNDA:14,Input
DA:9,14
DA:10,14
DA:11,14
DA:12,14
DA:13,14
DA:14,14
DA:15,14
DA:16,14
DA:17,14
DA:18,14
DA:19,14
DA:20,14
DA:21,14
DA:22,14
DA:24,14
LF:15
LH:15
BRDA:9,0,0,14
BRDA:19,1,0,0
BRF:2
BRH:1
end_of_record
TN:
SF:src/context/AuthContext.tsx
FN:1,(empty-report)
FNF:1
FNH:0
FNDA:0,(empty-report)
DA:1,0
DA:13,0
DA:15,0
DA:16,0
DA:17,0
DA:18,0
DA:20,0
DA:21,0
DA:22,0
DA:24,0
DA:25,0
DA:26,0
DA:27,0
DA:28,0
DA:30,0
DA:31,0
DA:32,0
DA:34,0
DA:35,0
DA:36,0
DA:38,0
DA:39,0
DA:40,0
DA:41,0
DA:42,0
DA:43,0
DA:44,0
DA:45,0
DA:46,0
DA:47,0
DA:49,0
DA:50,0
DA:52,0
DA:54,0
LF:34
LH:0
BRDA:1,0,0,0
BRF:1
BRH:0
end_of_record
TN:
SF:src/context/TaskContext.tsx
FN:24,TaskProvider
FN:37,addTask
FN:50,toggleTask
FN:58,deleteTask
FN:62,onSetSortBy
FNF:5
FNH:2
FNDA:2,TaskProvider
FNDA:1,addTask
FNDA:0,toggleTask
FNDA:0,deleteTask
FNDA:0,onSetSortBy
DA:1,1
DA:2,1
DA:3,1
DA:4,1
DA:22,1
DA:24,1
DA:25,2
DA:26,2
DA:27,2
DA:29,2
DA:30,2
DA:31,2
DA:33,2
DA:34,2
DA:35,2
DA:37,2
DA:38,1
DA:39,1
DA:40,1
DA:41,1
DA:42,1
DA:43,1
DA:44,1
DA:45,1
DA:46,1
DA:47,1
DA:48,1
DA:50,2
DA:51,0
DA:52,0
DA:53,0
DA:54,0
DA:55,0
DA:56,0
DA:58,2
DA:59,0
DA:60,0
DA:62,2
DA:63,0
DA:64,0
DA:66,2
DA:67,2
DA:69,2
DA:70,0
DA:71,2
DA:72,0
DA:73,0
DA:75,2
DA:76,2
DA:77,0
DA:78,2
DA:79,0
DA:80,2
DA:81,2
DA:82,2
DA:83,0
DA:84,2
DA:85,2
DA:87,2
DA:88,2
DA:89,2
DA:90,2
DA:91,2
DA:92,2
DA:93,2
DA:94,2
DA:95,2
DA:96,2
DA:97,2
DA:98,2
DA:99,2
DA:101,2
DA:102,2
DA:104,2
DA:106,1
LF:75
LH:59
BRDA:24,0,0,2
BRDA:26,1,0,1
BRDA:33,2,0,2
BRDA:37,3,0,1
BRDA:66,4,0,2
BRDA:69,5,0,0
BRDA:71,6,0,0
BRDA:76,7,0,0
BRDA:78,8,0,0
BRDA:82,9,0,0
BRF:10
BRH:5
end_of_record
TN:
SF:src/hooks/useAuth.ts
FN:1,(empty-report)
FNF:1
FNH:0
FNDA:0,(empty-report)
DA:1,0
DA:2,0
DA:4,0
DA:5,0
DA:7,0
DA:8,0
DA:9,0
DA:11,0
DA:12,0
LF:9
LH:0
BRDA:1,0,0,0
BRF:1
BRH:0
end_of_record
TN:
SF:src/hooks/useTasks.ts
FN:4,useTasks
FNF:1
FNH:1
FNDA:19,useTasks
DA:1,1
DA:2,1
DA:4,1
DA:5,19
DA:7,19
DA:9,19
DA:10,19
LF:7
LH:7
BRDA:4,0,0,19
BRDA:7,1,0,0
BRF:2
BRH:1
end_of_record
TN:
SF:src/pages/HomePage.tsx
FN:1,(empty-report)
FNF:1
FNH:0
FNDA:0,(empty-report)
DA:1,0
DA:2,0
DA:3,0
DA:4,0
DA:6,0
DA:7,0
DA:8,0
DA:9,0
DA:10,0
DA:11,0
DA:12,0
DA:13,0
DA:14,0
DA:15,0
DA:16,0
DA:18,0
LF:16
LH:0
BRDA:1,0,0,0
BRF:1
BRH:0
end_of_record
TN:
SF:src/utils/formatDate.ts
FN:3,formatDate
FNF:1
FNH:1
FNDA:11,formatDate
DA:1,1
DA:3,1
DA:4,11
DA:5,11
DA:6,11
DA:7,11
DA:9,11
DA:10,11
LF:8
LH:8
BRDA:3,0,0,11
BRDA:7,1,0,0
BRF:2
BRH:1
end_of_record
TN:
SF:src/utils/reorderTasks.ts
FN:5,reorderTasks
FNF:1
FNH:1
FNDA:1,reorderTasks
DA:2,1
DA:5,1
DA:6,1
DA:7,1
DA:8,1
DA:9,1
DA:10,1
DA:11,1
DA:13,1
DA:14,1
LF:10
LH:10
BRDA:5,0,0,1
BRDA:10,1,0,1
BRDA:11,2,0,2
BRF:3
BRH:3
end_of_record
TN:
SF:src/utils/sortingTasks.ts
FN:3,sortTasksByDueDateAsc
FN:9,sortTasksByDueDateDesc
FN:15,sortTasksByCreatedAtAsc
FN:19,sortTasksByCreatedAtDesc
FNF:4
FNH:1
FNDA:0,sortTasksByDueDateAsc
FNDA:0,sortTasksByDueDateDesc
FNDA:2,sortTasksByCreatedAtAsc
FNDA:0,sortTasksByCreatedAtDesc
DA:3,1
DA:4,0
DA:5,0
DA:6,0
DA:7,0
DA:9,1
DA:10,0
DA:11,0
DA:12,0
DA:13,0
DA:15,1
DA:16,2
DA:17,2
DA:19,1
DA:20,0
DA:21,0
LF:16
LH:6
BRDA:15,0,0,2
BRF:1
BRH:1
end_of_record
